<?xml version="1.0" encoding="UTF-8"?>
<robot generator="Robot 7.3.2 (Python 3.14.0 on win32)" generated="2025-10-09T17:01:31.141414" rpa="false" schemaversion="5">
<suite id="s1" name="Example Test" source="C:\Users\Public\code-folder\Code-Master\example_test.robot">
<test id="s1-t1" name="Test Challenging Selectors" line="13">
<kw name="Open Browser" owner="SeleniumLibrary">
<msg time="2025-10-09T17:01:31.805975" level="INFO">Opening browser 'Chrome' to base url 'https://testpages.eviltester.com/styled/challenges/hard-selectors.html'.</msg>
<arg>${URL_SELECTOR}</arg>
<arg>${BROWSER}</arg>
<doc>Opens a new browser instance to the optional ``url``.</doc>
<status status="PASS" start="2025-10-09T17:01:31.805314" elapsed="6.508421"/>
</kw>
<kw name="Title Should Be" owner="SeleniumLibrary">
<msg time="2025-10-09T17:01:38.351437" level="INFO">Page title is 'Challenging Selectors'.</msg>
<arg>Challenging Selectors</arg>
<doc>Verifies that the current page title equals ``title``.</doc>
<status status="PASS" start="2025-10-09T17:01:38.316325" elapsed="0.035349"/>
</kw>
<kw name="Click Button" owner="SeleniumLibrary">
<msg time="2025-10-09T17:01:38.360455" level="INFO">Clicking button 'id:select.me.by.id'.</msg>
<arg>locator=id:select.me.by.id</arg>
<doc>Clicks the button identified by ``locator``.</doc>
<status status="PASS" start="2025-10-09T17:01:38.357596" elapsed="0.328466"/>
</kw>
<kw name="Element Text Should Be" owner="SeleniumLibrary">
<msg time="2025-10-09T17:01:38.689584" level="INFO">Verifying element 'id:select.me.by.idstatus' contains exact text 'Event Triggered'.</msg>
<arg>locator=id:select.me.by.idstatus</arg>
<arg>expected=${STRING_EVENT_TRIGGERED}</arg>
<doc>Verifies that element ``locator`` contains exact the text ``expected``.</doc>
<status status="PASS" start="2025-10-09T17:01:38.688715" elapsed="0.078621"/>
</kw>
<kw name="Close Browser" owner="SeleniumLibrary" type="TEARDOWN">
<doc>Closes the current browser.</doc>
<status status="PASS" start="2025-10-09T17:01:38.768368" elapsed="2.516316"/>
</kw>
<status status="PASS" start="2025-10-09T17:01:31.803173" elapsed="9.482988"/>
</test>
<test id="s1-t2" name="Test Button Animate" line="20">
<kw name="Open Browser" owner="SeleniumLibrary">
<msg time="2025-10-09T17:01:41.293635" level="INFO">Opening browser 'Chrome' to base url 'https://testpages.eviltester.com/styled/challenges/growing-clickable.html'.</msg>
<arg>${URL_BUTTON}</arg>
<arg>${BROWSER}</arg>
<doc>Opens a new browser instance to the optional ``url``.</doc>
<status status="PASS" start="2025-10-09T17:01:41.292576" elapsed="6.489514"/>
</kw>
<kw name="Title Should Be" owner="SeleniumLibrary">
<msg time="2025-10-09T17:01:47.878557" level="INFO">Page title is 'Growing Clickable'.</msg>
<arg>Growing Clickable</arg>
<doc>Verifies that the current page title equals ``title``.</doc>
<status status="PASS" start="2025-10-09T17:01:47.784895" elapsed="0.093890"/>
</kw>
<kw name="Wait Until Element Is Visible" owner="SeleniumLibrary">
<arg>class:grown</arg>
<arg>timeout=10s</arg>
<doc>Waits until the element ``locator`` is visible.</doc>
<status status="PASS" start="2025-10-09T17:01:47.881540" elapsed="4.113573"/>
</kw>
<kw name="Click Button" owner="SeleniumLibrary">
<msg time="2025-10-09T17:01:51.996489" level="INFO">Clicking button 'class:grown'.</msg>
<arg>locator=class:grown</arg>
<doc>Clicks the button identified by ``locator``.</doc>
<status status="PASS" start="2025-10-09T17:01:51.995929" elapsed="0.236932"/>
</kw>
<kw name="Element Text Should Be" owner="SeleniumLibrary">
<msg time="2025-10-09T17:01:52.234998" level="INFO">Verifying element 'growbuttonstatus' contains exact text 'Event Triggered'.</msg>
<arg>locator=growbuttonstatus</arg>
<arg>expected=${STRING_EVENT_TRIGGERED}</arg>
<doc>Verifies that element ``locator`` contains exact the text ``expected``.</doc>
<status status="PASS" start="2025-10-09T17:01:52.234267" elapsed="0.077792"/>
</kw>
<kw name="Close Browser" owner="SeleniumLibrary" type="TEARDOWN">
<doc>Closes the current browser.</doc>
<status status="PASS" start="2025-10-09T17:01:52.313782" elapsed="2.588245"/>
</kw>
<status status="PASS" start="2025-10-09T17:01:41.289312" elapsed="13.613254"/>
</test>
<doc>A challenge to click the button</doc>
<status status="PASS" start="2025-10-09T17:01:31.147747" elapsed="23.758711"/>
</suite>
<statistics>
<total>
<stat pass="2" fail="0" skip="0">All Tests</stat>
</total>
<tag>
</tag>
<suite>
<stat name="Example Test" id="s1" pass="2" fail="0" skip="0">Example Test</stat>
</suite>
</statistics>
<errors>
</errors>
</robot>
