<?xml version="1.0" encoding="UTF-8"?>
<robot generator="Robot 7.3.2 (Python 3.14.0 on win32)" generated="2025-10-15T18:29:01.276505" rpa="false" schemaversion="5">
<suite id="s1" name="Data Test" source="C:\Users\Public\code-folder\Code-Master\data_test.robot">
<test id="s1-t1" name="    Login Success" line="12">
<kw name="Login With Credentials">
<kw name="Open Browser" owner="SeleniumLibrary">
<msg time="2025-10-15T18:29:02.025680" level="INFO">Opening browser 'Chrome' to base url 'https://practicetestautomation.com/practice-test-login/'.</msg>
<arg>${URL_LOGIN}</arg>
<arg>${BROWSER}</arg>
<doc>Opens a new browser instance to the optional ``url``.</doc>
<status status="PASS" start="2025-10-15T18:29:02.025173" elapsed="10.268339"/>
</kw>
<kw name="Input Text" owner="SeleniumLibrary">
<msg time="2025-10-15T18:29:12.297830" level="INFO">Typing text 'student' into text field 'id:username'.</msg>
<arg>id:username</arg>
<arg>${username}</arg>
<doc>Types the given ``text`` into the text field identified by ``locator``.</doc>
<status status="PASS" start="2025-10-15T18:29:12.296250" elapsed="0.449880"/>
</kw>
<kw name="Input Text" owner="SeleniumLibrary">
<msg time="2025-10-15T18:29:12.747605" level="INFO">Typing text 'Password123' into text field 'id:password'.</msg>
<arg>id:password</arg>
<arg>${password}</arg>
<doc>Types the given ``text`` into the text field identified by ``locator``.</doc>
<status status="PASS" start="2025-10-15T18:29:12.746680" elapsed="0.430324"/>
</kw>
<kw name="Click Button" owner="SeleniumLibrary">
<msg time="2025-10-15T18:29:13.180366" level="INFO">Clicking button 'id:submit'.</msg>
<arg>id:submit</arg>
<doc>Clicks the button identified by ``locator``.</doc>
<status status="PASS" start="2025-10-15T18:29:13.179817" elapsed="1.437218"/>
</kw>
<kw name="Title Should Be" owner="SeleniumLibrary">
<msg time="2025-10-15T18:29:14.642367" level="INFO">Page title is 'Logged In Successfully | Practice Test Automation'.</msg>
<arg>Logged In Successfully | Practice Test Automation</arg>
<doc>Verifies that the current page title equals ``title``.</doc>
<status status="PASS" start="2025-10-15T18:29:14.617455" elapsed="0.025163"/>
</kw>
<kw name="Close Browser" owner="SeleniumLibrary" type="TEARDOWN">
<doc>Closes the current browser.</doc>
<status status="PASS" start="2025-10-15T18:29:14.643208" elapsed="2.507712"/>
</kw>
<arg>username=student</arg>
<arg>password=Password123</arg>
<status status="PASS" start="2025-10-15T18:29:02.023824" elapsed="15.127356"/>
</kw>
<status status="PASS" start="2025-10-15T18:29:02.018668" elapsed="15.133251"/>
</test>
<test id="s1-t2" name="    Login Fail" line="12">
<kw name="Login With Credentials">
<kw name="Open Browser" owner="SeleniumLibrary">
<msg time="2025-10-15T18:29:17.157270" level="INFO">Opening browser 'Chrome' to base url 'https://practicetestautomation.com/practice-test-login/'.</msg>
<arg>${URL_LOGIN}</arg>
<arg>${BROWSER}</arg>
<doc>Opens a new browser instance to the optional ``url``.</doc>
<status status="PASS" start="2025-10-15T18:29:17.156789" elapsed="7.514523"/>
</kw>
<kw name="Input Text" owner="SeleniumLibrary">
<msg time="2025-10-15T18:29:24.674252" level="INFO">Typing text 'player' into text field 'id:username'.</msg>
<arg>id:username</arg>
<arg>${username}</arg>
<doc>Types the given ``text`` into the text field identified by ``locator``.</doc>
<status status="PASS" start="2025-10-15T18:29:24.673129" elapsed="0.423052"/>
</kw>
<kw name="Input Text" owner="SeleniumLibrary">
<msg time="2025-10-15T18:29:25.097383" level="INFO">Typing text 'IncorrectPassword' into text field 'id:password'.</msg>
<arg>id:password</arg>
<arg>${password}</arg>
<doc>Types the given ``text`` into the text field identified by ``locator``.</doc>
<status status="PASS" start="2025-10-15T18:29:25.096594" elapsed="0.423652"/>
</kw>
<kw name="Click Button" owner="SeleniumLibrary">
<msg time="2025-10-15T18:29:25.521255" level="INFO">Clicking button 'id:submit'.</msg>
<arg>id:submit</arg>
<doc>Clicks the button identified by ``locator``.</doc>
<status status="PASS" start="2025-10-15T18:29:25.520716" elapsed="0.220308"/>
</kw>
<kw name="Title Should Be" owner="SeleniumLibrary">
<msg time="2025-10-15T18:29:25.929719" level="INFO" html="true">&lt;/td&gt;&lt;/tr&gt;&lt;tr&gt;&lt;td colspan="3"&gt;&lt;a href="selenium-screenshot-2.png"&gt;&lt;img src="selenium-screenshot-2.png" width="800px"&gt;&lt;/a&gt;</msg>
<msg time="2025-10-15T18:29:25.930085" level="FAIL">Title should have been 'Logged In Successfully | Practice Test Automation' but was 'Test Login | Practice Test Automation'.</msg>
<arg>Logged In Successfully | Practice Test Automation</arg>
<doc>Verifies that the current page title equals ``title``.</doc>
<status status="FAIL" start="2025-10-15T18:29:25.744031" elapsed="0.234456">Title should have been 'Logged In Successfully | Practice Test Automation' but was 'Test Login | Practice Test Automation'.</status>
</kw>
<kw name="Close Browser" owner="SeleniumLibrary" type="TEARDOWN">
<doc>Closes the current browser.</doc>
<status status="PASS" start="2025-10-15T18:29:25.979306" elapsed="2.398556"/>
</kw>
<arg>username=player</arg>
<arg>password=IncorrectPassword</arg>
<status status="FAIL" start="2025-10-15T18:29:17.156037" elapsed="11.222424">Title should have been 'Logged In Successfully | Practice Test Automation' but was 'Test Login | Practice Test Automation'.</status>
</kw>
<status status="FAIL" start="2025-10-15T18:29:17.153541" elapsed="11.228085">Title should have been 'Logged In Successfully | Practice Test Automation' but was 'Test Login | Practice Test Automation'.</status>
</test>
<doc>A Test Using data Driven CSV</doc>
<status status="FAIL" start="2025-10-15T18:29:01.290955" elapsed="27.094767"/>
</suite>
<statistics>
<total>
<stat pass="1" fail="1" skip="0">All Tests</stat>
</total>
<tag>
</tag>
<suite>
<stat name="Data Test" id="s1" pass="1" fail="1" skip="0">Data Test</stat>
</suite>
</statistics>
<errors>
<msg time="2025-10-15T18:29:01.233855" level="WARN">Error in file 'C:\Users\Public\code-folder\Code-Master\data_test.robot' on line 11: Singular section headers like '*** Test Case ***' are deprecated. Use plural format like '*** Test Cases ***' instead.</msg>
</errors>
</robot>
